Training and Evaluating: Fold 1..
Number of samples in train and test respectively:  45872 11468
Train Accuracy:  0.9953580901856764
Test Accuracy:  0.9751877296692762
Training and Evaluating: Fold 2..
Number of samples in train and test respectively:  45872 11468
Train Accuracy:  0.9954939546632635
Test Accuracy:  0.974185415361886
Training and Evaluating: Fold 3..
Number of samples in train and test respectively:  45872 11468
Train Accuracy:  0.9953405288392769
Test Accuracy:  0.977279628864018
Training and Evaluating: Fold 4..
Number of samples in train and test respectively:  45872 11468
Train Accuracy:  0.9953432469221314
Test Accuracy:  0.9772717385524872
Training and Evaluating: Fold 5..
Number of samples in train and test respectively:  45872 11468
Train Accuracy:  0.9958056277471659
Test Accuracy:  0.9732629746730856
Overall Performance on 5-fold
Train
accuracy: 0.9954682896715028
precision macro: 0.9944453571318899
precision micro: 0.9954682896715028
precision weighted: 0.9954666042375411
recall macro: 0.9872936805450792
recall micro: 0.9954682896715028
recall weighted: 0.9954682896715028
f1 macro: 0.990690834210978
f1 micro: 0.9954682896715028
f1 weighted: 0.9954646081733163
f0_5 macro: 0.9928970657221179
f0_5 micro: 0.9954682896715028
f0_5 weighted: 0.9954650720934609
f2 macro: 0.9886130324657317
f2 micro: 0.9954682896715028
f2 weighted: 0.9954661849141807
...
Test
accuracy: 0.9754374974241505
precision macro: 0.9501540077247197
precision micro: 0.9754374974241505
precision weighted: 0.9752495744131766
recall macro: 0.9178613277774079
recall micro: 0.9754374974241505
recall weighted: 0.9754374974241505
f1 macro: 0.9277806857286409
f1 micro: 0.9754374974241505
f1 weighted: 0.9752425258624271
f0_5 macro: 0.9383806380568303
f0_5 micro: 0.9754374974241505
f0_5 weighted: 0.9752044351824862
f2 macro: 0.921116027725963
f2 micro: 0.9754374974241505
f2 weighted: 0.9753459880669944
...
Class Wise Metrics
.....
Precision
PRT: 0.9513132815605729
NUM: 0.9702464423729678
.: 0.9995571369799444
DET: 0.9936537290399106
ADP: 0.9781225732689671
X: 0.7043196658459536
ADV: 0.945272927903463
VERB: 0.9779613933798161
NOUN: 0.966683098457606
ADJ: 0.9281250731935972
PRON: 0.9921903742895044
CONJ: 0.9944023964043331
.....
Recall
PRT: 0.9416859529946899
NUM: 0.9824371829512287
.: 0.9999802071659334
DET: 0.994247507475106
ADP: 0.9836928716790793
X: 0.32623513594590686
ADV: 0.9343738983997169
VERB: 0.9763857586691713
NOUN: 0.9744419600047365
ADJ: 0.9175970208924721
PRON: 0.9868321405649878
CONJ: 0.9964262965858669
.....
F1
PRT: 0.946427837056541
NUM: 0.9760064922989145
.: 0.9997685483654492
DET: 0.9939503987356145
ADP: 0.9808967479132409
X: 0.441089840528773
ADV: 0.9397698185919305
VERB: 0.9771715697744308
NOUN: 0.9705449468560939
ADJ: 0.922825889344504
PRON: 0.9895037316901929
CONJ: 0.9954124075880054
